07:48:06.767 [main] DEBUG org.apache.poi.openxml4j.opc.PackageRelationshipCollection - Parsing relationship: /xl/worksheets/_rels/sheet1.xml.rels
07:48:06.793 [main] DEBUG org.apache.poi.openxml4j.opc.PackageRelationshipCollection - Parsing relationship: /_rels/.rels
07:48:06.806 [main] DEBUG org.apache.poi.ooxml.POIXMLFactory - using default POIXMLDocumentPart for http://schemas.openxmlformats.org/officeDocument/2006/relationships/printerSettings
07:48:06.823 [main] DEBUG org.apache.poi.openxml4j.opc.PackageRelationshipCollection - Parsing relationship: /xl/_rels/workbook.xml.rels
07:48:06.824 [main] DEBUG org.apache.poi.openxml4j.opc.PackageRelationshipCollection - Parsing relationship: /xl/worksheets/_rels/sheet1.xml.rels
07:48:06.825 [main] DEBUG org.apache.poi.openxml4j.opc.PackageRelationshipCollection - Parsing relationship: /_rels/.rels
07:48:06.838 [main] DEBUG org.apache.poi.ooxml.POIXMLFactory - using default POIXMLDocumentPart for http://schemas.openxmlformats.org/officeDocument/2006/relationships/printerSettings
07:48:06.876 [main] DEBUG org.apache.poi.openxml4j.opc.PackageRelationshipCollection - Parsing relationship: /xl/_rels/workbook.xml.rels
07:48:06.878 [main] DEBUG org.apache.poi.openxml4j.opc.PackageRelationshipCollection - Parsing relationship: /xl/worksheets/_rels/sheet1.xml.rels
07:48:06.878 [main] DEBUG org.apache.poi.openxml4j.opc.PackageRelationshipCollection - Parsing relationship: /_rels/.rels
07:48:06.911 [main] DEBUG org.apache.poi.ooxml.POIXMLFactory - using default POIXMLDocumentPart for http://schemas.openxmlformats.org/officeDocument/2006/relationships/printerSettings
07:48:06.938 [main] DEBUG org.apache.poi.openxml4j.opc.PackageRelationshipCollection - Parsing relationship: /xl/_rels/workbook.xml.rels
07:48:06.939 [main] DEBUG org.apache.poi.openxml4j.opc.PackageRelationshipCollection - Parsing relationship: /xl/worksheets/_rels/sheet1.xml.rels
07:48:06.940 [main] DEBUG org.apache.poi.openxml4j.opc.PackageRelationshipCollection - Parsing relationship: /_rels/.rels
07:48:06.971 [main] DEBUG org.apache.poi.ooxml.POIXMLFactory - using default POIXMLDocumentPart for http://schemas.openxmlformats.org/officeDocument/2006/relationships/printerSettings
07:48:12.099 [main] INFO  api.test.UserTest - *********  Creating User ***********
07:48:14.055 [main] INFO  api.test.UserTest - ************ User is Created ************
07:48:14.058 [main] INFO  api.test.UserTest - ********* Reading User Info ***********
07:48:15.510 [main] INFO  api.test.UserTest - *********User Info is displayed ***********
07:48:15.517 [main] INFO  api.test.UserTest - ********* Updateing User ***********
07:48:18.668 [main] INFO  api.test.UserTest - ********* User Updated ***********
07:48:18.671 [main] INFO  api.test.UserTest - ********* Deleting User ***********
07:48:20.245 [main] INFO  api.test.UserTest - *********User Deleted ***********
07:48:20.346 [main] INFO  api.test.UserTestProp - *********  Creating User ***********
07:48:21.957 [main] INFO  api.test.UserTestProp - ************ User is Created ************
07:48:21.959 [main] INFO  api.test.UserTestProp - ********* Reading User Info ***********
07:48:23.269 [main] INFO  api.test.UserTestProp - *********User Info is displayed ***********
07:48:23.271 [main] INFO  api.test.UserTestProp - ********* Updateing User ***********
07:48:26.396 [main] INFO  api.test.UserTestProp - ********* User Updated ***********
07:48:26.401 [main] INFO  api.test.UserTestProp - ********* Deleting User ***********
07:48:28.001 [main] INFO  api.test.UserTestProp - *********User Deleted ***********
